2022-08-28T22:17:14.475+0900 [ERROR] vertex "module.servers.var.init_script_id" error: Reference to undeclared resource
2022-08-28T22:17:14.475+0900 [ERROR] vertex "module.servers.var.init_script_id (expand)" error: Reference to undeclared resource
2022-08-28T22:19:44.193+0900 [ERROR] vertex "local.servers" error: Unsupported attribute
2022-08-28T22:19:44.194+0900 [ERROR] vertex "local.servers" error: Unsupported attribute
2022-08-28T22:19:44.194+0900 [ERROR] vertex "local.servers" error: Unsupported attribute
2022-08-28T22:19:44.194+0900 [ERROR] vertex "local.servers" error: Unsupported attribute
2022-08-28T22:19:44.194+0900 [ERROR] vertex "local.servers (expand)" error: Unsupported attribute
2022-08-28T22:19:44.194+0900 [ERROR] vertex "local.servers (expand)" error: Unsupported attribute
2022-08-28T22:19:44.194+0900 [ERROR] vertex "local.servers (expand)" error: Unsupported attribute
2022-08-28T22:19:44.194+0900 [ERROR] vertex "local.servers (expand)" error: Unsupported attribute
2022-08-28T22:35:20.735+0900 [ERROR] vertex "data.ncloud_root_password.all[\"svr-workshop-bastion-001\"]" error: Unsupported attribute
2022-08-28T22:35:20.735+0900 [ERROR] vertex "data.ncloud_root_password.all[\"svr-workshop-002\"]" error: Unsupported attribute
2022-08-28T22:35:20.735+0900 [ERROR] vertex "data.ncloud_root_password.all[\"svr-workshop-001\"]" error: Unsupported attribute
2022-08-28T22:35:20.736+0900 [ERROR] vertex "data.ncloud_root_password.all[\"svr-workshop-003\"]" error: Unsupported attribute
2022-08-28T22:35:20.736+0900 [ERROR] vertex "data.ncloud_root_password.all" error: Unsupported attribute
2022-08-28T22:35:20.736+0900 [ERROR] vertex "data.ncloud_root_password.all" error: Unsupported attribute
2022-08-28T22:35:20.736+0900 [ERROR] vertex "data.ncloud_root_password.all" error: Unsupported attribute
2022-08-28T22:35:20.736+0900 [ERROR] vertex "data.ncloud_root_password.all" error: Unsupported attribute
2022-08-28T22:35:20.736+0900 [ERROR] vertex "data.ncloud_root_password.all (expand)" error: Unsupported attribute
2022-08-28T22:35:20.736+0900 [ERROR] vertex "data.ncloud_root_password.all (expand)" error: Unsupported attribute
2022-08-28T22:35:20.736+0900 [ERROR] vertex "data.ncloud_root_password.all (expand)" error: Unsupported attribute
2022-08-28T22:35:20.736+0900 [ERROR] vertex "data.ncloud_root_password.all (expand)" error: Unsupported attribute
2022-08-28T22:43:42.194+0900 [ERROR] vertex "module.servers[\"svr-workshop-worker-002\"].ncloud_network_interface.default_nic" error: "name" cannot be longer than 30 characters
2022-08-28T22:43:42.194+0900 [ERROR] vertex "module.servers[\"svr-workshop-worker-002\"].ncloud_network_interface.default_nic" error: "name" cannot be longer than 30 characters
2022-08-28T22:43:42.194+0900 [ERROR] vertex "module.servers[\"svr-workshop-worker-001\"].ncloud_network_interface.default_nic" error: "name" cannot be longer than 30 characters
2022-08-28T22:43:42.194+0900 [ERROR] vertex "module.servers[\"svr-workshop-worker-001\"].ncloud_network_interface.default_nic" error: "name" cannot be longer than 30 characters
2022-08-28T22:43:42.195+0900 [ERROR] vertex "module.servers[\"svr-workshop-worker-003\"].ncloud_network_interface.default_nic" error: "name" cannot be longer than 30 characters
2022-08-28T22:43:42.195+0900 [ERROR] vertex "module.servers[\"svr-workshop-worker-003\"].ncloud_network_interface.default_nic" error: "name" cannot be longer than 30 characters
2022-08-28T22:43:42.276+0900 [ERROR] vertex "module.servers.ncloud_network_interface.default_nic (expand)" error: "name" cannot be longer than 30 characters
2022-08-28T22:43:42.276+0900 [ERROR] vertex "module.servers.ncloud_network_interface.default_nic (expand)" error: "name" cannot be longer than 30 characters
2022-08-28T22:43:42.276+0900 [ERROR] vertex "module.servers.ncloud_network_interface.default_nic (expand)" error: "name" cannot be longer than 30 characters
2022-08-28T22:49:29.563+0900 [ERROR] vertex "module.servers[\"svr-workshop-bastion-001\"].ncloud_public_ip.public_ip[0]" error: Status: 500 Internal Server Error, Body: {"responseError": {
  "returnCode": "1080103",
  "returnMessage": "Unassigned Authorized IP."
}}
